H
Cu
DOC
Ca
Mg
Na
K
SO4
Cl
CO3
BL1
BL2
BL1-Cu
BL1-CuOH
BL1-Ca
BL1-H
BL1-Na
BL2-Cu
BL2-CuOH
BL2-Ca
BL2-H
BL2-Na
OH
HCO3
H2CO3
CuOH
Cu(OH)2
CuHCO3
CuCO3
Cu(CO3)2
CuSO4
CuCl
    1    0    0    0    0    0    0    0    0    0    0    0
    0    1    0    0    0    0    0    0    0    0    0    0
    0    0    1    0    0    0    0    0    0    0    0    0
    0    0    0    1    0    0    0    0    0    0    0    0
    0    0    0    0    1    0    0    0    0    0    0    0
    0    0    0    0    0    1    0    0    0    0    0    0
    0    0    0    0    0    0    1    0    0    0    0    0
    0    0    0    0    0    0    0    1    0    0    0    0
    0    0    0    0    0    0    0    0    1    0    0    0
    0    0    0    0    0    0    0    0    0    1    0    0
    0    0    0    0    0    0    0    0    0    0    1    0
    0    0    0    0    0    0    0    0    0    0    0    1
    0    1    0    0    0    0    0    0    0    0    1    0
   -1    1    0    0    0    0    0    0    0    0    1    0
    0    0    0    1    0    0    0    0    0    0    1    0
    1    0    0    0    0    0    0    0    0    0    1    0
    0    0    0    0    0    1    0    0    0    0    1    0
    0    1    0    0    0    0    0    0    0    0    0    1
   -1    1    0    0    0    0    0    0    0    0    0    1
    0    0    0    1    0    0    0    0    0    0    0    1
    1    0    0    0    0    0    0    0    0    0    0    1
    0    0    0    0    0    1    0    0    0    0    0    1
   -1    0    0    0    0    0    0    0    0    0    0    0
    1    0    0    0    0    0    0    0    0    1    0    0
    2    0    0    0    0    0    0    0    0    1    0    0
   -1    1    0    0    0    0    0    0    0    0    0    0
   -2    1    0    0    0    0    0    0    0    0    0    0
    1    1    0    0    0    0    0    0    0    1    0    0
    0    1    0    0    0    0    0    0    0    1    0    0
    0    1    0    0    0    0    0    0    0    2    0    0
    0    1    0    0    0    0    0    1    0    0    0    0
    0    1    0    0    0    0    0    0    1    0    0    0
CHESS ver 3.00 Log for Batch simulation described in SD-simple.dat
--------------------------------------------------------------------------------
Component     Species Type   Activity       Site Density
H             Aqueous        Davies          1
Cu            Aqueous        None            1
DOC           Aqueous        None            .0006
Ca            Aqueous        None            1
Mg            Aqueous        None            1
Na            Aqueous        None            1
K             Aqueous        None            1
SO4           Aqueous        None            1
Cl            Aqueous        None            1
CO3           Aqueous        None            1
BL1           Surface        None            .0000271
BL2           Surface        None            .09113

Species Formation Reactions                                     Log K
--------------------------------------------------------------------------------
BL1-Cu =  + Cu + BL1                                             15.79602
BL1-CuOH =  + Cu + BL1 - H                                       7.096017
BL1-Ca =  + Ca + BL1                                             11.79602
BL1-H =  + BL1 + H                                               5.4
BL1-Na =  + Na + BL1                                             11.3
BL2-Cu =  + Cu + BL2                                             8.491302
BL2-CuOH =  + Cu + BL2 - H                                      -.208698
BL2-Ca =  + Ca + BL2                                             4.491301
BL2-H =  + BL2 + H                                              -2.25
BL2-Na =  + Na + BL2                                             4
OH =  - H                                                       -13.997
HCO3 =  + CO3 + H                                                10.329
H2CO3 =  + CO3 +  2*H                                            16.681
CuOH =  + Cu - H                                                -7.96
Cu(OH)2 =  + Cu -  2*H                                          -16.2
CuHCO3 =  + Cu + CO3 + H                                         12.129
CuCO3 =  + Cu + CO3                                              6.77
Cu(CO3)2 =  + Cu +  2*CO3                                        10.2
CuSO4 =  + Cu + SO4                                              2.36
CuCl =  + Cu + Cl                                                .4

Component Mole Balance
--------------------------------------------------------------------------------
T.Cu = + Cu + BL1-Cu + BL1-CuOH + BL2-Cu + BL2-CuOH + CuOH + Cu(OH)2 + CuHCO3 + CuCO3 + Cu(CO3)2 + CuSO4 + CuCl
T.Ca = + Ca + BL1-Ca + BL2-Ca
T.Na = + Na + BL1-Na + BL2-Na
T.SO4 = + SO4 + CuSO4
T.Cl = + Cl + CuCl
T.CO3 = + CO3 + HCO3 + H2CO3 + CuHCO3 + CuCO3 + 2Cu(CO3)2
T.BL1 = + BL1 + BL1-Cu + BL1-CuOH + BL1-Ca + BL1-H + BL1-Na
T.BL2 = + BL2 + BL2-Cu + BL2-CuOH + BL2-Ca + BL2-H + BL2-Na
T.H = + H - BL1-CuOH + BL1-H - BL2-CuOH + BL2-H - OH + HCO3 + 2H2CO3 - CuOH - -2Cu(OH)2 + CuHCO3
T.DOC = + DOC
