PowerBASIC 6 Console Compiler
Copyright (c) 1998-2011 PowerBasic Inc.
Englewood, Florida USA
All Rights Reserved

Primary source:  C:\Users\roberts\Dropbox\TmpShare\BLM_in_R\BLMEngineInR\soup\blm_245_jac.bas   {17919 total lines}
Target compilation:  blm_245_jac.EXE
Compile time:  0.1 seconds, at 21502800 lines/minute

199968 bytes compiled code, 37148 bytes RTLibrary,
13756 bytes string literals, and 35692 bytes dgroup.
Executable stack size:  1048576 bytes.
Disk image: 272896 bytes   Memory image: 86596 bytes.

Component Files:
----------------
C:\Users\roberts\Dropbox\TmpShare\BLM_in_R\BLMEngineInR\soup\blm_245_jac.bas
C:\USERS\ROBERTS\DROPBOX\TMPSHARE\BLM_IN_R\BLMENGINEINR\SOUP\MLE_FIT2.BAS
C:\USERS\ROBERTS\DROPBOX\TMPSHARE\BLM_IN_R\BLMENGINEINR\SOUP\EXCEL.INC
C:\USERS\ROBERTS\DROPBOX\TMPSHARE\BLM_IN_R\BLMENGINEINR\SOUP\ALL_DIMS.BI
C:\USERS\ROBERTS\DROPBOX\TMPSHARE\BLM_IN_R\BLMENGINEINR\SOUP\CHESS.BAS


Code Extracted:
---------------
SIGNS
GETDATA
WRITEDETAILED
WRITESIMPLE
ERFC
ERF_DONT_USE
ESTIMATEPROBABILITIES
ZSCORE_GDP
XLSINSERTHORIZPAGEBREAK
XLSWRITEDATE
XLSSETFILEPASSWORD
XLSPROTECTSPREADSHEET
XLSSETROWHEIGHT
DATETOJULIAN
CTOD
XLSBUFFER
WRITEDETAILEDOLD
WRITESIMPLEOLD
WRITEWQCFILE
FMB_ACUTEFUNC
WRITEWQCFILEACUTE
WRITEWQCFILECHRONIC
DEFINEPROBLEM300
SUBSTITUTECOMP
ISORTI
PMSG
PRINTMSG
OUTPUTJACOBIAN
