H
Zn
DOC
Ca
Mg
Na
K
SO4
Cl
CO3
S
BL
HA1H
HA2H
HA3H
HA4H
HB1H
HB2H
HB3H
HB4H
FA1H
FA2H
FA3H
FA4H
FB1H
FB2H
FB3H
FB4H
BL-Zn
BL-Ca
BL-H
BL-Mg
BL-Na
BL-ZnOH
HA1
HA2
HA3
HA4
HB1
HB2
HB3
HB4
FA1
FA2
FA3
FA4
FB1
FB2
FB3
FB4
HA1-Mg
HA2-Mg
HA3-Mg
HA4-Mg
HB1-Mg
HB2-Mg
HB3-Mg
HB4-Mg
FA1-Mg
FA2-Mg
FA3-Mg
FA4-Mg
FB1-Mg
FB2-Mg
FB3-Mg
FB4-Mg
HA1-Ca
HA2-Ca
HA3-Ca
HA4-Ca
HB1-Ca
HB2-Ca
HB3-Ca
HB4-Ca
FA1-Ca
FA2-Ca
FA3-Ca
FA4-Ca
FB1-Ca
FB2-Ca
FB3-Ca
FB4-Ca
HA1-Zn
HA2-Zn
HA3-Zn
HA4-Zn
HB1-Zn
HB2-Zn
HB3-Zn
HB4-Zn
FA1-Zn
FA2-Zn
FA3-Zn
FA4-Zn
FB1-Zn
FB2-Zn
FB3-Zn
FB4-Zn
HCO3
H2CO3
HS
H2S
MgHCO3
MgCO3
MgSO4
CaHCO3
CaCO3
CaSO4
ZnOH
HA1-ZnOH
HA2-ZnOH
HA3-ZnOH
HA4-ZnOH
HB1-ZnOH
HB2-ZnOH
HB3-ZnOH
HB4-ZnOH
FA1-ZnOH
FA2-ZnOH
FA3-ZnOH
FA4-ZnOH
FB1-ZnOH
FB2-ZnOH
FB3-ZnOH
FB4-ZnOH
Zn(OH)2
ZnSO4
ZnCO3
ZnCl
ZnHCO3
ZnS
    1    0    0    0    0    0    0    0    0    0    0    0    0    0    0    0    0    0    0    0    0    0    0    0    0    0    0    0
    0    1    0    0    0    0    0    0    0    0    0    0    0    0    0    0    0    0    0    0    0    0    0    0    0    0    0    0
    0    0    1    0    0    0    0    0    0    0    0    0    0    0    0    0    0    0    0    0    0    0    0    0    0    0    0    0
    0    0    0    1    0    0    0    0    0    0    0    0    0    0    0    0    0    0    0    0    0    0    0    0    0    0    0    0
    0    0    0    0    1    0    0    0    0    0    0    0    0    0    0    0    0    0    0    0    0    0    0    0    0    0    0    0
    0    0    0    0    0    1    0    0    0    0    0    0    0    0    0    0    0    0    0    0    0    0    0    0    0    0    0    0
    0    0    0    0    0    0    1    0    0    0    0    0    0    0    0    0    0    0    0    0    0    0    0    0    0    0    0    0
    0    0    0    0    0    0    0    1    0    0    0    0    0    0    0    0    0    0    0    0    0    0    0    0    0    0    0    0
    0    0    0    0    0    0    0    0    1    0    0    0    0    0    0    0    0    0    0    0    0    0    0    0    0    0    0    0
    0    0    0    0    0    0    0    0    0    1    0    0    0    0    0    0    0    0    0    0    0    0    0    0    0    0    0    0
    0    0    0    0    0    0    0    0    0    0    1    0    0    0    0    0    0    0    0    0    0    0    0    0    0    0    0    0
    0    0    0    0    0    0    0    0    0    0    0    1    0    0    0    0    0    0    0    0    0    0    0    0    0    0    0    0
    0    0    0    0    0    0    0    0    0    0    0    0    1    0    0    0    0    0    0    0    0    0    0    0    0    0    0    0
    0    0    0    0    0    0    0    0    0    0    0    0    0    1    0    0    0    0    0    0    0    0    0    0    0    0    0    0
    0    0    0    0    0    0    0    0    0    0    0    0    0    0    1    0    0    0    0    0    0    0    0    0    0    0    0    0
    0    0    0    0    0    0    0    0    0    0    0    0    0    0    0    1    0    0    0    0    0    0    0    0    0    0    0    0
    0    0    0    0    0    0    0    0    0    0    0    0    0    0    0    0    1    0    0    0    0    0    0    0    0    0    0    0
    0    0    0    0    0    0    0    0    0    0    0    0    0    0    0    0    0    1    0    0    0    0    0    0    0    0    0    0
    0    0    0    0    0    0    0    0    0    0    0    0    0    0    0    0    0    0    1    0    0    0    0    0    0    0    0    0
    0    0    0    0    0    0    0    0    0    0    0    0    0    0    0    0    0    0    0    1    0    0    0    0    0    0    0    0
    0    0    0    0    0    0    0    0    0    0    0    0    0    0    0    0    0    0    0    0    1    0    0    0    0    0    0    0
    0    0    0    0    0    0    0    0    0    0    0    0    0    0    0    0    0    0    0    0    0    1    0    0    0    0    0    0
    0    0    0    0    0    0    0    0    0    0    0    0    0    0    0    0    0    0    0    0    0    0    1    0    0    0    0    0
    0    0    0    0    0    0    0    0    0    0    0    0    0    0    0    0    0    0    0    0    0    0    0    1    0    0    0    0
    0    0    0    0    0    0    0    0    0    0    0    0    0    0    0    0    0    0    0    0    0    0    0    0    1    0    0    0
    0    0    0    0    0    0    0    0    0    0    0    0    0    0    0    0    0    0    0    0    0    0    0    0    0    1    0    0
    0    0    0    0    0    0    0    0    0    0    0    0    0    0    0    0    0    0    0    0    0    0    0    0    0    0    1    0
    0    0    0    0    0    0    0    0    0    0    0    0    0    0    0    0    0    0    0    0    0    0    0    0    0    0    0    1
    0    1    0    0    0    0    0    0    0    0    0    1    0    0    0    0    0    0    0    0    0    0    0    0    0    0    0    0
    0    0    0    1    0    0    0    0    0    0    0    1    0    0    0    0    0    0    0    0    0    0    0    0    0    0    0    0
    1    0    0    0    0    0    0    0    0    0    0    1    0    0    0    0    0    0    0    0    0    0    0    0    0    0    0    0
    0    0    0    0    1    0    0    0    0    0    0    1    0    0    0    0    0    0    0    0    0    0    0    0    0    0    0    0
    0    0    0    0    0    1    0    0    0    0    0    1    0    0    0    0    0    0    0    0    0    0    0    0    0    0    0    0
   -1    1    0    0    0    0    0    0    0    0    0    1    0    0    0    0    0    0    0    0    0    0    0    0    0    0    0    0
   -1    0    0    0    0    0    0    0    0    0    0    0    1    0    0    0    0    0    0    0    0    0    0    0    0    0    0    0
   -1    0    0    0    0    0    0    0    0    0    0    0    0    1    0    0    0    0    0    0    0    0    0    0    0    0    0    0
   -1    0    0    0    0    0    0    0    0    0    0    0    0    0    1    0    0    0    0    0    0    0    0    0    0    0    0    0
   -1    0    0    0    0    0    0    0    0    0    0    0    0    0    0    1    0    0    0    0    0    0    0    0    0    0    0    0
   -1    0    0    0    0    0    0    0    0    0    0    0    0    0    0    0    1    0    0    0    0    0    0    0    0    0    0    0
   -1    0    0    0    0    0    0    0    0    0    0    0    0    0    0    0    0    1    0    0    0    0    0    0    0    0    0    0
   -1    0    0    0    0    0    0    0    0    0    0    0    0    0    0    0    0    0    1    0    0    0    0    0    0    0    0    0
   -1    0    0    0    0    0    0    0    0    0    0    0    0    0    0    0    0    0    0    1    0    0    0    0    0    0    0    0
   -1    0    0    0    0    0    0    0    0    0    0    0    0    0    0    0    0    0    0    0    1    0    0    0    0    0    0    0
   -1    0    0    0    0    0    0    0    0    0    0    0    0    0    0    0    0    0    0    0    0    1    0    0    0    0    0    0
   -1    0    0    0    0    0    0    0    0    0    0    0    0    0    0    0    0    0    0    0    0    0    1    0    0    0    0    0
   -1    0    0    0    0    0    0    0    0    0    0    0    0    0    0    0    0    0    0    0    0    0    0    1    0    0    0    0
   -1    0    0    0    0    0    0    0    0    0    0    0    0    0    0    0    0    0    0    0    0    0    0    0    1    0    0    0
   -1    0    0    0    0    0    0    0    0    0    0    0    0    0    0    0    0    0    0    0    0    0    0    0    0    1    0    0
   -1    0    0    0    0    0    0    0    0    0    0    0    0    0    0    0    0    0    0    0    0    0    0    0    0    0    1    0
   -1    0    0    0    0    0    0    0    0    0    0    0    0    0    0    0    0    0    0    0    0    0    0    0    0    0    0    1
   -1    0    0    0    1    0    0    0    0    0    0    0    1    0    0    0    0    0    0    0    0    0    0    0    0    0    0    0
   -1    0    0    0    1    0    0    0    0    0    0    0    0    1    0    0    0    0    0    0    0    0    0    0    0    0    0    0
   -1    0    0    0    1    0    0    0    0    0    0    0    0    0    1    0    0    0    0    0    0    0    0    0    0    0    0    0
   -1    0    0    0    1    0    0    0    0    0    0    0    0    0    0    1    0    0    0    0    0    0    0    0    0    0    0    0
   -1    0    0    0    1    0    0    0    0    0    0    0    0    0    0    0    1    0    0    0    0    0    0    0    0    0    0    0
   -1    0    0    0    1    0    0    0    0    0    0    0    0    0    0    0    0    1    0    0    0    0    0    0    0    0    0    0
   -1    0    0    0    1    0    0    0    0    0    0    0    0    0    0    0    0    0    1    0    0    0    0    0    0    0    0    0
   -1    0    0    0    1    0    0    0    0    0    0    0    0    0    0    0    0    0    0    1    0    0    0    0    0    0    0    0
   -1    0    0    0    1    0    0    0    0    0    0    0    0    0    0    0    0    0    0    0    1    0    0    0    0    0    0    0
   -1    0    0    0    1    0    0    0    0    0    0    0    0    0    0    0    0    0    0    0    0    1    0    0    0    0    0    0
   -1    0    0    0    1    0    0    0    0    0    0    0    0    0    0    0    0    0    0    0    0    0    1    0    0    0    0    0
   -1    0    0    0    1    0    0    0    0    0    0    0    0    0    0    0    0    0    0    0    0    0    0    1    0    0    0    0
   -1    0    0    0    1    0    0    0    0    0    0    0    0    0    0    0    0    0    0    0    0    0    0    0    1    0    0    0
   -1    0    0    0    1    0    0    0    0    0    0    0    0    0    0    0    0    0    0    0    0    0    0    0    0    1    0    0
   -1    0    0    0    1    0    0    0    0    0    0    0    0    0    0    0    0    0    0    0    0    0    0    0    0    0    1    0
   -1    0    0    0    1    0    0    0    0    0    0    0    0    0    0    0    0    0    0    0    0    0    0    0    0    0    0    1
   -1    0    0    1    0    0    0    0    0    0    0    0    1    0    0    0    0    0    0    0    0    0    0    0    0    0    0    0
   -1    0    0    1    0    0    0    0    0    0    0    0    0    1    0    0    0    0    0    0    0    0    0    0    0    0    0    0
   -1    0    0    1    0    0    0    0    0    0    0    0    0    0    1    0    0    0    0    0    0    0    0    0    0    0    0    0
   -1    0    0    1    0    0    0    0    0    0    0    0    0    0    0    1    0    0    0    0    0    0    0    0    0    0    0    0
   -1    0    0    1    0    0    0    0    0    0    0    0    0    0    0    0    1    0    0    0    0    0    0    0    0    0    0    0
   -1    0    0    1    0    0    0    0    0    0    0    0    0    0    0    0    0    1    0    0    0    0    0    0    0    0    0    0
   -1    0    0    1    0    0    0    0    0    0    0    0    0    0    0    0    0    0    1    0    0    0    0    0    0    0    0    0
   -1    0    0    1    0    0    0    0    0    0    0    0    0    0    0    0    0    0    0    1    0    0    0    0    0    0    0    0
   -1    0    0    1    0    0    0    0    0    0    0    0    0    0    0    0    0    0    0    0    1    0    0    0    0    0    0    0
   -1    0    0    1    0    0    0    0    0    0    0    0    0    0    0    0    0    0    0    0    0    1    0    0    0    0    0    0
   -1    0    0    1    0    0    0    0    0    0    0    0    0    0    0    0    0    0    0    0    0    0    1    0    0    0    0    0
   -1    0    0    1    0    0    0    0    0    0    0    0    0    0    0    0    0    0    0    0    0    0    0    1    0    0    0    0
   -1    0    0    1    0    0    0    0    0    0    0    0    0    0    0    0    0    0    0    0    0    0    0    0    1    0    0    0
   -1    0    0    1    0    0    0    0    0    0    0    0    0    0    0    0    0    0    0    0    0    0    0    0    0    1    0    0
   -1    0    0    1    0    0    0    0    0    0    0    0    0    0    0    0    0    0    0    0    0    0    0    0    0    0    1    0
   -1    0    0    1    0    0    0    0    0    0    0    0    0    0    0    0    0    0    0    0    0    0    0    0    0    0    0    1
   -1    1    0    0    0    0    0    0    0    0    0    0    1    0    0    0    0    0    0    0    0    0    0    0    0    0    0    0
   -1    1    0    0    0    0    0    0    0    0    0    0    0    1    0    0    0    0    0    0    0    0    0    0    0    0    0    0
   -1    1    0    0    0    0    0    0    0    0    0    0    0    0    1    0    0    0    0    0    0    0    0    0    0    0    0    0
   -1    1    0    0    0    0    0    0    0    0    0    0    0    0    0    1    0    0    0    0    0    0    0    0    0    0    0    0
   -1    1    0    0    0    0    0    0    0    0    0    0    0    0    0    0    1    0    0    0    0    0    0    0    0    0    0    0
   -1    1    0    0    0    0    0    0    0    0    0    0    0    0    0    0    0    1    0    0    0    0    0    0    0    0    0    0
   -1    1    0    0    0    0    0    0    0    0    0    0    0    0    0    0    0    0    1    0    0    0    0    0    0    0    0    0
   -1    1    0    0    0    0    0    0    0    0    0    0    0    0    0    0    0    0    0    1    0    0    0    0    0    0    0    0
   -1    1    0    0    0    0    0    0    0    0    0    0    0    0    0    0    0    0    0    0    1    0    0    0    0    0    0    0
   -1    1    0    0    0    0    0    0    0    0    0    0    0    0    0    0    0    0    0    0    0    1    0    0    0    0    0    0
   -1    1    0    0    0    0    0    0    0    0    0    0    0    0    0    0    0    0    0    0    0    0    1    0    0    0    0    0
   -1    1    0    0    0    0    0    0    0    0    0    0    0    0    0    0    0    0    0    0    0    0    0    1    0    0    0    0
   -1    1    0    0    0    0    0    0    0    0    0    0    0    0    0    0    0    0    0    0    0    0    0    0    1    0    0    0
   -1    1    0    0    0    0    0    0    0    0    0    0    0    0    0    0    0    0    0    0    0    0    0    0    0    1    0    0
   -1    1    0    0    0    0    0    0    0    0    0    0    0    0    0    0    0    0    0    0    0    0    0    0    0    0    1    0
   -1    1    0    0    0    0    0    0    0    0    0    0    0    0    0    0    0    0    0    0    0    0    0    0    0    0    0    1
    1    0    0    0    0    0    0    0    0    1    0    0    0    0    0    0    0    0    0    0    0    0    0    0    0    0    0    0
    2    0    0    0    0    0    0    0    0    1    0    0    0    0    0    0    0    0    0    0    0    0    0    0    0    0    0    0
    1    0    0    0    0    0    0    0    0    0    1    0    0    0    0    0    0    0    0    0    0    0    0    0    0    0    0    0
    2    0    0    0    0    0    0    0    0    0    1    0    0    0    0    0    0    0    0    0    0    0    0    0    0    0    0    0
    1    0    0    0    1    0    0    0    0    1    0    0    0    0    0    0    0    0    0    0    0    0    0    0    0    0    0    0
    0    0    0    0    1    0    0    0    0    1    0    0    0    0    0    0    0    0    0    0    0    0    0    0    0    0    0    0
    0    0    0    0    1    0    0    1    0    0    0    0    0    0    0    0    0    0    0    0    0    0    0    0    0    0    0    0
    1    0    0    1    0    0    0    0    0    1    0    0    0    0    0    0    0    0    0    0    0    0    0    0    0    0    0    0
    0    0    0    1    0    0    0    0    0    1    0    0    0    0    0    0    0    0    0    0    0    0    0    0    0    0    0    0
    0    0    0    1    0    0    0    1    0    0    0    0    0    0    0    0    0    0    0    0    0    0    0    0    0    0    0    0
    0    1    0    0    0    0    0    0    0    0    0    0    0    0    0    0    0    0    0    0    0    0    0    0    0    0    0    0
   -1    1    0    0    0    0    0    0    0    0    0    0    1    0    0    0    0    0    0    0    0    0    0    0    0    0    0    0
   -1    1    0    0    0    0    0    0    0    0    0    0    0    1    0    0    0    0    0    0    0    0    0    0    0    0    0    0
   -1    1    0    0    0    0    0    0    0    0    0    0    0    0    1    0    0    0    0    0    0    0    0    0    0    0    0    0
   -1    1    0    0    0    0    0    0    0    0    0    0    0    0    0    1    0    0    0    0    0    0    0    0    0    0    0    0
   -1    1    0    0    0    0    0    0    0    0    0    0    0    0    0    0    1    0    0    0    0    0    0    0    0    0    0    0
   -1    1    0    0    0    0    0    0    0    0    0    0    0    0    0    0    0    1    0    0    0    0    0    0    0    0    0    0
   -1    1    0    0    0    0    0    0    0    0    0    0    0    0    0    0    0    0    1    0    0    0    0    0    0    0    0    0
   -1    1    0    0    0    0    0    0    0    0    0    0    0    0    0    0    0    0    0    1    0    0    0    0    0    0    0    0
   -1    1    0    0    0    0    0    0    0    0    0    0    0    0    0    0    0    0    0    0    1    0    0    0    0    0    0    0
   -1    1    0    0    0    0    0    0    0    0    0    0    0    0    0    0    0    0    0    0    0    1    0    0    0    0    0    0
   -1    1    0    0    0    0    0    0    0    0    0    0    0    0    0    0    0    0    0    0    0    0    1    0    0    0    0    0
   -1    1    0    0    0    0    0    0    0    0    0    0    0    0    0    0    0    0    0    0    0    0    0    1    0    0    0    0
   -1    1    0    0    0    0    0    0    0    0    0    0    0    0    0    0    0    0    0    0    0    0    0    0    1    0    0    0
   -1    1    0    0    0    0    0    0    0    0    0    0    0    0    0    0    0    0    0    0    0    0    0    0    0    1    0    0
   -1    1    0    0    0    0    0    0    0    0    0    0    0    0    0    0    0    0    0    0    0    0    0    0    0    0    1    0
   -1    1    0    0    0    0    0    0    0    0    0    0    0    0    0    0    0    0    0    0    0    0    0    0    0    0    0    1
    0    1    0    0    0    0    0    0    0    0    0    0    0    0    0    0    0    0    0    0    0    0    0    0    0    0    0    0
    0    1    0    0    0    0    0    1    0    0    0    0    0    0    0    0    0    0    0    0    0    0    0    0    0    0    0    0
    0    1    0    0    0    0    0    0    0    1    0    0    0    0    0    0    0    0    0    0    0    0    0    0    0    0    0    0
    0    1    0    0    0    0    0    0    1    0    0    0    0    0    0    0    0    0    0    0    0    0    0    0    0    0    0    0
    1    1    0    0    0    0    0    0    0    1    0    0    0    0    0    0    0    0    0    0    0    0    0    0    0    0    0    0
    0    1    0    0    0    0    0    0    0    0    1    0    0    0    0    0    0    0    0    0    0    0    0    0    0    0    0    0
CHESS ver 3.00 Log for Batch simulation described in Zn_draft_FAV_2024-05-07.dat
--------------------------------------------------------------------------------
Component     Species Type   Activity       Site Density
H             Aqueous        Davies          1
Zn            Aqueous        Davies          1
DOC           Aqueous        None            .0006
Ca            Aqueous        Davies          1
Mg            Aqueous        Davies          1
Na            Aqueous        Davies          1
K             Aqueous        Davies          1
SO4           Aqueous        Davies          1
Cl            Aqueous        Davies          1
CO3           Aqueous        Davies          1
S             Aqueous        Davies          1
BL            Surface        None            .00003
HA1H          Aqueous        Donnan          1
HA2H          Aqueous        Donnan          1
HA3H          Aqueous        Donnan          1
HA4H          Aqueous        Donnan          1
HB1H          Aqueous        Donnan          1
HB2H          Aqueous        Donnan          1
HB3H          Aqueous        Donnan          1
HB4H          Aqueous        Donnan          1
FA1H          Aqueous        Donnan          1
FA2H          Aqueous        Donnan          1
FA3H          Aqueous        Donnan          1
FA4H          Aqueous        Donnan          1
FB1H          Aqueous        Donnan          1
FB2H          Aqueous        Donnan          1
FB3H          Aqueous        Donnan          1
FB4H          Aqueous        Donnan          1

Species Formation Reactions                                     Log K
--------------------------------------------------------------------------------
BL-Zn =  + BL + Zn                                               5.41
BL-Ca =  + BL + Ca                                               3.82
BL-H =  + BL + H                                                 6.39
BL-Mg =  + BL + Mg                                               3.31
BL-Na =  + BL + Na                                               2.59
BL-ZnOH =  + BL - H + Zn                                        -2.4
HA1 =  + HA1H - H                                               -4.91
HA2 =  + HA2H - H                                               -4.316667
HA3 =  + HA3H - H                                               -3.723333
HA4 =  + HA4H - H                                               -3.13
HB1 =  + HB1H - H                                               -10.265
HB2 =  + HB2H - H                                               -9.121667
HB3 =  + HB3H - H                                               -7.978333
HB4 =  + HB4H - H                                               -6.835
FA1 =  + FA1H - H                                               -4.93
FA2 =  + FA2H - H                                               -3.816667
FA3 =  + FA3H - H                                               -2.703333
FA4 =  + FA4H - H                                               -1.59
FB1 =  + FB1H - H                                               -12.4
FB2 =  + FB2H - H                                               -10.56
FB3 =  + FB3H - H                                               -8.72
FB4 =  + FB4H - H                                               -6.88
HA1-Mg =  + HA1H - H + Mg                                       -3.3
HA2-Mg =  + HA2H - H + Mg                                       -3.3
HA3-Mg =  + HA3H - H + Mg                                       -3.3
HA4-Mg =  + HA4H - H + Mg                                       -3.3
HB1-Mg =  + HB1H - H + Mg                                       -3.3
HB2-Mg =  + HB2H - H + Mg                                       -3.3
HB3-Mg =  + HB3H - H + Mg                                       -3.3
HB4-Mg =  + HB4H - H + Mg                                       -3.3
FA1-Mg =  + FA1H - H + Mg                                       -2.2
FA2-Mg =  + FA2H - H + Mg                                       -2.2
FA3-Mg =  + FA3H - H + Mg                                       -2.2
FA4-Mg =  + FA4H - H + Mg                                       -2.2
FB1-Mg =  + FB1H - H + Mg                                       -2.2
FB2-Mg =  + FB2H - H + Mg                                       -2.2
FB3-Mg =  + FB3H - H + Mg                                       -2.2
FB4-Mg =  + FB4H - H + Mg                                       -2.2
HA1-Ca =  + HA1H - H + Ca                                       -3.2
HA2-Ca =  + HA2H - H + Ca                                       -3.2
HA3-Ca =  + HA3H - H + Ca                                       -3.2
HA4-Ca =  + HA4H - H + Ca                                       -3.2
HB1-Ca =  + HB1H - H + Ca                                       -3.2
HB2-Ca =  + HB2H - H + Ca                                       -3.2
HB3-Ca =  + HB3H - H + Ca                                       -3.2
HB4-Ca =  + HB4H - H + Ca                                       -3.2
FA1-Ca =  + FA1H - H + Ca                                       -2.2
FA2-Ca =  + FA2H - H + Ca                                       -2.2
FA3-Ca =  + FA3H - H + Ca                                       -2.2
FA4-Ca =  + FA4H - H + Ca                                       -2.2
FB1-Ca =  + FB1H - H + Ca                                       -2.2
FB2-Ca =  + FB2H - H + Ca                                       -2.2
FB3-Ca =  + FB3H - H + Ca                                       -2.2
FB4-Ca =  + FB4H - H + Ca                                       -2.2
HA1-Zn =  + HA1H - H + Zn                                       -2.3
HA2-Zn =  + HA2H - H + Zn                                       -2.3
HA3-Zn =  + HA3H - H + Zn                                       -2.3
HA4-Zn =  + HA4H - H + Zn                                       -2.3
HB1-Zn =  + HB1H - H + Zn                                       -2.3
HB2-Zn =  + HB2H - H + Zn                                       -2.3
HB3-Zn =  + HB3H - H + Zn                                       -2.3
HB4-Zn =  + HB4H - H + Zn                                       -2.3
FA1-Zn =  + FA1H - H + Zn                                       -1.3
FA2-Zn =  + FA2H - H + Zn                                       -1.3
FA3-Zn =  + FA3H - H + Zn                                       -1.3
FA4-Zn =  + FA4H - H + Zn                                       -1.3
FB1-Zn =  + FB1H - H + Zn                                       -1.3
FB2-Zn =  + FB2H - H + Zn                                       -1.3
FB3-Zn =  + FB3H - H + Zn                                       -1.3
FB4-Zn =  + FB4H - H + Zn                                       -1.3
HCO3 =  + H + CO3                                                10.329
H2CO3 =  +  2*H + CO3                                            16.681
HS =  + H + S                                                    13.9
H2S =  +  2*H + S                                                20.9
MgHCO3 =  + H + Mg + CO3                                         11.4
MgCO3 =  + Mg + CO3                                              2.98
MgSO4 =  + Mg + SO4                                              2.37
CaHCO3 =  + H + Ca + CO3                                         11.44
CaCO3 =  + Ca + CO3                                              3.22
CaSO4 =  + Ca + SO4                                              2.3
ZnOH =  + Zn                                                     5.04
HA1-ZnOH =  + HA1H - H + Zn                                     -2.3
HA2-ZnOH =  + HA2H - H + Zn                                     -2.3
HA3-ZnOH =  + HA3H - H + Zn                                     -2.3
HA4-ZnOH =  + HA4H - H + Zn                                     -2.3
HB1-ZnOH =  + HB1H - H + Zn                                     -2.3
HB2-ZnOH =  + HB2H - H + Zn                                     -2.3
HB3-ZnOH =  + HB3H - H + Zn                                     -2.3
HB4-ZnOH =  + HB4H - H + Zn                                     -2.3
FA1-ZnOH =  + FA1H - H + Zn                                     -1.3
FA2-ZnOH =  + FA2H - H + Zn                                     -1.3
FA3-ZnOH =  + FA3H - H + Zn                                     -1.3
FA4-ZnOH =  + FA4H - H + Zn                                     -1.3
FB1-ZnOH =  + FB1H - H + Zn                                     -1.3
FB2-ZnOH =  + FB2H - H + Zn                                     -1.3
FB3-ZnOH =  + FB3H - H + Zn                                     -1.3
FB4-ZnOH =  + FB4H - H + Zn                                     -1.3
Zn(OH)2 =  + Zn                                                  11.1
ZnSO4 =  + Zn + SO4                                              2.38
ZnCO3 =  + Zn + CO3                                              4.76
ZnCl =  + Zn + Cl                                                .4
ZnHCO3 =  + H + Zn + CO3                                         13.12
ZnS =  + Zn + S                                                  18.29

Component Mole Balance
--------------------------------------------------------------------------------
T.BL = + BL + BL-Zn + BL-Ca + BL-H + BL-Mg + BL-Na + BL-ZnOH
T.HA1H = + HA1H + HA1 + HA1-Mg + HA1-Ca + HA1-Zn + HA1-ZnOH
T.HA2H = + HA2H + HA2 + HA2-Mg + HA2-Ca + HA2-Zn + HA2-ZnOH
T.HA3H = + HA3H + HA3 + HA3-Mg + HA3-Ca + HA3-Zn + HA3-ZnOH
T.HA4H = + HA4H + HA4 + HA4-Mg + HA4-Ca + HA4-Zn + HA4-ZnOH
T.HB1H = + HB1H + HB1 + HB1-Mg + HB1-Ca + HB1-Zn + HB1-ZnOH
T.HB2H = + HB2H + HB2 + HB2-Mg + HB2-Ca + HB2-Zn + HB2-ZnOH
T.HB3H = + HB3H + HB3 + HB3-Mg + HB3-Ca + HB3-Zn + HB3-ZnOH
T.HB4H = + HB4H + HB4 + HB4-Mg + HB4-Ca + HB4-Zn + HB4-ZnOH
T.FA1H = + FA1H + FA1 + FA1-Mg + FA1-Ca + FA1-Zn + FA1-ZnOH
T.FA2H = + FA2H + FA2 + FA2-Mg + FA2-Ca + FA2-Zn + FA2-ZnOH
T.FA3H = + FA3H + FA3 + FA3-Mg + FA3-Ca + FA3-Zn + FA3-ZnOH
T.FA4H = + FA4H + FA4 + FA4-Mg + FA4-Ca + FA4-Zn + FA4-ZnOH
T.FB1H = + FB1H + FB1 + FB1-Mg + FB1-Ca + FB1-Zn + FB1-ZnOH
T.FB2H = + FB2H + FB2 + FB2-Mg + FB2-Ca + FB2-Zn + FB2-ZnOH
T.FB3H = + FB3H + FB3 + FB3-Mg + FB3-Ca + FB3-Zn + FB3-ZnOH
T.FB4H = + FB4H + FB4 + FB4-Mg + FB4-Ca + FB4-Zn + FB4-ZnOH
T.H = + H + BL-H - BL-ZnOH - HA1 - HA2 - HA3 - HA4 - HB1 - HB2 - HB3 - HB4 - FA1 - FA2 - FA3 - FA4 - FB1 - FB2 - FB3 - FB4 - HA1-Mg - HA2-Mg - HA3-Mg - HA4-Mg - HB1-Mg - HB2-Mg - HB3-Mg - HB4-Mg - FA1-Mg - FA2-Mg - FA3-Mg - FA4-Mg - FB1-Mg - FB2-Mg - FB3-Mg - FB4-Mg - HA1-Ca - HA2-Ca - HA3-Ca - HA4-Ca - HB1-Ca - HB2-Ca - HB3-Ca - HB4-Ca - FA1-Ca - FA2-Ca - FA3-Ca - FA4-Ca - FB1-Ca - FB2-Ca - FB3-Ca - FB4-Ca - HA1-Zn - HA2-Zn - HA3-Zn - HA4-Zn - HB1-Zn - HB2-Zn - HB3-Zn - HB4-Zn - FA1-Zn - FA2-Zn - FA3-Zn - FA4-Zn - FB1-Zn - FB2-Zn - FB3-Zn - FB4-Zn + HCO3 + 2H2CO3 + HS + 2H2S + MgHCO3 + CaHCO3 - HA1-ZnOH - HA2-ZnOH - HA3-ZnOH - HA4-ZnOH - HB1-ZnOH - HB2-ZnOH - HB3-ZnOH - HB4-ZnOH - FA1-ZnOH - FA2-ZnOH - FA3-ZnOH - FA4-ZnOH - FB1-ZnOH - FB2-ZnOH - FB3-ZnOH - FB4-ZnOH + ZnHCO3
T.Zn = + Zn + BL-Zn + BL-ZnOH + HA1-Zn + HA2-Zn + HA3-Zn + HA4-Zn + HB1-Zn + HB2-Zn + HB3-Zn + HB4-Zn + FA1-Zn + FA2-Zn + FA3-Zn + FA4-Zn + FB1-Zn + FB2-Zn + FB3-Zn + FB4-Zn + ZnOH + HA1-ZnOH + HA2-ZnOH + HA3-ZnOH + HA4-ZnOH + HB1-ZnOH + HB2-ZnOH + HB3-ZnOH + HB4-ZnOH + FA1-ZnOH + FA2-ZnOH + FA3-ZnOH + FA4-ZnOH + FB1-ZnOH + FB2-ZnOH + FB3-ZnOH + FB4-ZnOH + Zn(OH)2 + ZnSO4 + ZnCO3 + ZnCl + ZnHCO3 + ZnS
T.DOC = + DOC
T.Ca = + Ca + BL-Ca + HA1-Ca + HA2-Ca + HA3-Ca + HA4-Ca + HB1-Ca + HB2-Ca + HB3-Ca + HB4-Ca + FA1-Ca + FA2-Ca + FA3-Ca + FA4-Ca + FB1-Ca + FB2-Ca + FB3-Ca + FB4-Ca + CaHCO3 + CaCO3 + CaSO4
T.Mg = + Mg + BL-Mg + HA1-Mg + HA2-Mg + HA3-Mg + HA4-Mg + HB1-Mg + HB2-Mg + HB3-Mg + HB4-Mg + FA1-Mg + FA2-Mg + FA3-Mg + FA4-Mg + FB1-Mg + FB2-Mg + FB3-Mg + FB4-Mg + MgHCO3 + MgCO3 + MgSO4
T.Na = + Na + BL-Na
T.K = + K
T.SO4 = + SO4 + MgSO4 + CaSO4 + ZnSO4
T.Cl = + Cl + ZnCl
T.CO3 = + CO3 + HCO3 + H2CO3 + MgHCO3 + MgCO3 + CaHCO3 + CaCO3 + ZnCO3 + ZnHCO3
T.S = + S + HS + H2S + ZnS
